<?xml version="1.0" encoding="UTF-8"?>
<!-- Generated by org.testng.reporters.JUnitXMLReporter -->
<testsuite ignored="1" hostname="DESKTOP-LDDAN30" failures="0" tests="10" name="Default test" time="130.074" errors="0" timestamp="2021-06-18T11:37:53 EDT">
  <testcase classname="com.automationpractice.testcases.SeleniumAllTypeElementsTestCase" name="TextMessageTesting" time="0.071"/>
  <testcase classname="com.automationpractice.testcases.SeleniumAllTypeElementsTestCase" name="LinkTesting" time="4.612"/>
  <testcase classname="com.automationpractice.testcases.SeleniumAllTypeElementsTestCase" name="TextBoxTesting" time="2.228"/>
  <testcase classname="com.automationpractice.testcases.SeleniumAllTypeElementsTestCase" name="Buttontesting" time="2.09"/>
  <testcase classname="com.automationpractice.testcases.SeleniumAllTypeElementsTestCase" name="RadioButtonTesting" time="2.124"/>
  <testcase classname="com.automationpractice.testcases.SeleniumAllTypeElementsTestCase" name="CheckBoxTesting" time="2.104"/>
  <testcase classname="com.automationpractice.testcases.SeleniumAllTypeElementsTestCase" name="CheckDropBoxTesting" time="2.163"/>
  <testcase classname="com.automationpractice.testcases.SeleniumAllTypeElementsTestCase" name="CheckAlertTestingDoubleClick" time="2.18"/>
  <testcase classname="com.automationpractice.testcases.SeleniumAllTypeElementsTestCase" name="CheckAlertTestingSingleClick" time="2.17"/>
  <testcase classname="com.automationpractice.testcases.SeleniumAllTypeElementsTestCase" name="ChecksConfirmationAlertTeting" time="2.227"/>
  <testcase classname="com.automationpractice.testcases.SeleniumAllTypeElementsTestCase" name="CheckDragAndDrop" time="0.0">
    <ignored/>
  </testcase> <!-- CheckDragAndDrop -->
</testsuite> <!-- Default test -->
