<?xml version="1.0" encoding="UTF-8"?>
<!-- Generated by org.testng.reporters.JUnitXMLReporter -->
<testsuite ignored="1" hostname="DESKTOP-LDDAN30" failures="0" tests="10" name="Test" time="120.283" errors="0" timestamp="2021-06-19T02:23:51 EDT">
  <testcase classname="com.automationpractice.testcases.SeleniumAllTypeElementsTestCase" name="TextMessageTesting" time="0.063"/>
  <testcase classname="com.automationpractice.testcases.SeleniumAllTypeElementsTestCase" name="LinkTesting" time="6.24"/>
  <testcase classname="com.automationpractice.testcases.SeleniumAllTypeElementsTestCase" name="TextBoxTesting" time="2.193"/>
  <testcase classname="com.automationpractice.testcases.SeleniumAllTypeElementsTestCase" name="Buttontesting" time="2.098"/>
  <testcase classname="com.automationpractice.testcases.SeleniumAllTypeElementsTestCase" name="RadioButtonTesting" time="2.122"/>
  <testcase classname="com.automationpractice.testcases.SeleniumAllTypeElementsTestCase" name="CheckBoxTesting" time="2.08"/>
  <testcase classname="com.automationpractice.testcases.SeleniumAllTypeElementsTestCase" name="CheckDropBoxTesting" time="2.172"/>
  <testcase classname="com.automationpractice.testcases.SeleniumAllTypeElementsTestCase" name="CheckAlertTestingDoubleClick" time="2.351"/>
  <testcase classname="com.automationpractice.testcases.SeleniumAllTypeElementsTestCase" name="CheckAlertTestingSingleClick" time="2.13"/>
  <testcase classname="com.automationpractice.testcases.SeleniumAllTypeElementsTestCase" name="ChecksConfirmationAlertTeting" time="2.223"/>
  <testcase classname="com.automationpractice.testcases.SeleniumAllTypeElementsTestCase" name="CheckDragAndDrop" time="0.0">
    <ignored/>
  </testcase> <!-- CheckDragAndDrop -->
</testsuite> <!-- Test -->
